1657513181844547523583762448696370320162965905
2983523727320185542450772407653466576293338629
331502636368909504716752489739274064032593181
1657513181844547523583762448696370320162965905
2320518454582366533017267428174918448228152267
2320518454582366533017267428174918448228152267
1657513181844547523583762448696370320162965905
2652021090951276037734019917914192512260745448
1989015818213457028300514938435644384195559086
663005272737819009433504979478548128065186362
994507909106728514150257469217822192097779543
0
2983523727320185542450772407653466576293338629
0
2320518454582366533017267428174918448228152267
663005272737819009433504979478548128065186362
994507909106728514150257469217822192097779543
994507909106728514150257469217822192097779543
2652021090951276037734019917914192512260745448
1657513181844547523583762448696370320162965905
1326010545475638018867009958957096256130372724
1989015818213457028300514938435644384195559086
0
2652021090951276037734019917914192512260745448
2320518454582366533017267428174918448228152267
331502636368909504716752489739274064032593181
663005272737819009433504979478548128065186362
2320518454582366533017267428174918448228152267
663005272737819009433504979478548128065186362
2320518454582366533017267428174918448228152267
2652021090951276037734019917914192512260745448
2983523727320185542450772407653466576293338629
-----------------------------------------------------------------------------
19610952945230164703224715393413084900147487435762317267359835590307712251809